<?xml version="1.0" encoding="UTF-8"?>
<testng-results ignored="0" total="1" passed="1" failed="0" skipped="0">
  <reporter-output>
  </reporter-output>
  <suite started-at="2025-08-09T20:06:31 IST" name="Default suite" finished-at="2025-08-09T20:06:33 IST" duration-ms="2395">
    <groups>
    </groups>
    <test started-at="2025-08-09T20:06:31 IST" name="Default test" finished-at="2025-08-09T20:06:33 IST" duration-ms="2395">
      <class name="com.framework.testCases.automateNowLoginTest">
        <test-method signature="loginTest()[pri:0, instance:com.framework.testCases.automateNowLoginTest@e350b40]" started-at="2025-08-09T20:06:31 IST" name="loginTest" finished-at="2025-08-09T20:06:33 IST" duration-ms="2379" status="PASS">
          <reporter-output>
          </reporter-output>
        </test-method> <!-- loginTest -->
      </class> <!-- com.framework.testCases.automateNowLoginTest -->
    </test> <!-- Default test -->
  </suite> <!-- Default suite -->
</testng-results>
